<?xml version="1.0" encoding="UTF-8"?>
<!-- Generated by org.testng.reporters.JUnitReportReporter -->
<testsuite hostname="fedora" failures="0" tests="3" name="dev.ericmarcelo.selenium.pom.tests.MyFirstTestCase" time="31.001" errors="0" timestamp="2023-03-15T14:17:32 PDT" skipped="0">
  <testcase classname="dev.ericmarcelo.selenium.pom.tests.MyFirstTestCase" name="guestCheckoutUsingDirectBankTransfer" time="13.480"/>
  <system-out/>
  <testcase classname="dev.ericmarcelo.selenium.pom.tests.MyFirstTestCase" name="dummyTest" time="4.074"/>
  <system-out/>
  <testcase classname="dev.ericmarcelo.selenium.pom.tests.MyFirstTestCase" name="loginAndCheckoutUsingDirectBankTransfer" time="13.447"/>
  <system-out/>
</testsuite> <!-- dev.ericmarcelo.selenium.pom.tests.MyFirstTestCase -->
