<?xml version="1.0" encoding="UTF-8"?>
<!-- Generated by org.testng.reporters.JUnitReportReporter -->
<testsuite hostname="fedora" failures="0" tests="3" name="dev.ericmarcelo.selenium.pom.tests.MyFirstTestCase" time="41.573" errors="0" timestamp="2023-03-20T09:01:33 PDT" skipped="0">
  <testcase classname="dev.ericmarcelo.selenium.pom.tests.MyFirstTestCase" name="guestCheckoutUsingDirectBankTransfer" time="18.089"/>
  <system-out/>
  <testcase classname="dev.ericmarcelo.selenium.pom.tests.MyFirstTestCase" name="dummyTest" time="7.847"/>
  <system-out/>
  <testcase classname="dev.ericmarcelo.selenium.pom.tests.MyFirstTestCase" name="loginAndCheckoutUsingDirectBankTransfer" time="15.637"/>
  <system-out/>
</testsuite> <!-- dev.ericmarcelo.selenium.pom.tests.MyFirstTestCase -->
