<?xml version="1.0" encoding="UTF-8"?>
<!-- Generated by org.testng.reporters.JUnitReportReporter -->
<testsuite hostname="fedora" failures="0" tests="3" name="dev.ericmarcelo.selenium.pom.tests.MyFirstTestCase" time="37.558" errors="0" timestamp="2023-03-16T11:01:55 PDT" skipped="0">
  <testcase classname="dev.ericmarcelo.selenium.pom.tests.MyFirstTestCase" name="guestCheckoutUsingDirectBankTransfer" time="17.471"/>
  <system-out/>
  <testcase classname="dev.ericmarcelo.selenium.pom.tests.MyFirstTestCase" name="dummyTest" time="5.284"/>
  <system-out/>
  <testcase classname="dev.ericmarcelo.selenium.pom.tests.MyFirstTestCase" name="loginAndCheckoutUsingDirectBankTransfer" time="14.803"/>
  <system-out/>
</testsuite> <!-- dev.ericmarcelo.selenium.pom.tests.MyFirstTestCase -->
