<?xml version="1.0" encoding="UTF-8"?>
<!-- Generated by org.testng.reporters.JUnitReportReporter -->
<testsuite hostname="fedora" failures="0" tests="3" name="dev.ericmarcelo.selenium.pom.tests.MyFirstTestCase" time="34.784" errors="0" timestamp="2023-03-20T12:46:24 PDT" skipped="0">
  <testcase classname="dev.ericmarcelo.selenium.pom.tests.MyFirstTestCase" name="guestCheckoutUsingDirectBankTransfer" time="14.655"/>
  <system-out/>
  <testcase classname="dev.ericmarcelo.selenium.pom.tests.MyFirstTestCase" name="loginAndCheckoutUsingDirectBankTransfer" time="14.005"/>
  <system-out/>
  <testcase classname="dev.ericmarcelo.selenium.pom.tests.MyFirstTestCase" name="dummyTest" time="6.124"/>
  <system-out/>
</testsuite> <!-- dev.ericmarcelo.selenium.pom.tests.MyFirstTestCase -->
