<?xml version="1.0" encoding="UTF-8"?>
<!-- Generated by org.testng.reporters.JUnitReportReporter -->
<testsuite hostname="fedora" failures="0" tests="3" name="dev.ericmarcelo.selenium.pom.tests.MyFirstTestCase" time="34.071" errors="0" timestamp="2023-03-16T08:57:07 PDT" skipped="0">
  <testcase classname="dev.ericmarcelo.selenium.pom.tests.MyFirstTestCase" name="loginAndCheckoutUsingDirectBankTransfer" time="13.129"/>
  <system-out/>
  <testcase classname="dev.ericmarcelo.selenium.pom.tests.MyFirstTestCase" name="guestCheckoutUsingDirectBankTransfer" time="16.114"/>
  <system-out/>
  <testcase classname="dev.ericmarcelo.selenium.pom.tests.MyFirstTestCase" name="dummyTest" time="4.828"/>
  <system-out/>
</testsuite> <!-- dev.ericmarcelo.selenium.pom.tests.MyFirstTestCase -->
